This file contains any messages produced by compilers while
running configure, to aid debugging if configure makes a mistake.

It was created by aggregator configure 0.1, which was
generated by GNU Autoconf 2.61.  Invocation command line was

  $ ./configure 

## --------- ##
## Platform. ##
## --------- ##

hostname = wonhee-jang-ui-MacBook-Air.local
uname -m = x86_64
uname -r = 12.2.0
uname -s = Darwin
uname -v = Darwin Kernel Version 12.2.0: Sat Aug 25 00:48:52 PDT 2012; root:xnu-2050.18.24~1/RELEASE_X86_64

/usr/bin/uname -p = i386
/bin/uname -X     = unknown

/bin/arch              = unknown
/usr/bin/arch -k       = unknown
/usr/convex/getsysinfo = unknown
/usr/bin/hostinfo      = Mach kernel version:
	 Darwin Kernel Version 12.2.0: Sat Aug 25 00:48:52 PDT 2012; root:xnu-2050.18.24~1/RELEASE_X86_64
Kernel configured for up to 2 processors.
2 processors are physically available.
2 processors are logically available.
Processor type: i486 (Intel 80486)
Processors active: 0 1
Primary memory available: 4.00 gigabytes
Default processor set: 113 tasks, 500 threads, 2 processors
Load average: 0.84, Mach factor: 1.15
/bin/machine           = unknown
/usr/bin/oslevel       = unknown
/bin/universe          = unknown

PATH: /opt/local/bin
PATH: /opt/local/sbin
PATH: /Users/jangwonhee/github/google_appengine
PATH: /Users/jangwonhee/github/go/bin
PATH: /usr/bin
PATH: /bin
PATH: /usr/sbin
PATH: /sbin
PATH: /usr/local/bin
PATH: /usr/local/git/bin
PATH: /Developer/mongodb-osx-x86_64-2.0.2/bin


## ----------- ##
## Core tests. ##
## ----------- ##

configure:1732: checking for a BSD-compatible install
configure:1788: result: /usr/bin/install -c
configure:1799: checking whether build environment is sane
configure:1842: result: yes
configure:1870: checking for a thread-safe mkdir -p
configure:1909: result: ./install-sh -c -d
configure:1922: checking for gawk
configure:1952: result: no
configure:1922: checking for mawk
configure:1952: result: no
configure:1922: checking for nawk
configure:1952: result: no
configure:1922: checking for awk
configure:1938: found /usr/bin/awk
configure:1949: result: awk
configure:1960: checking whether make sets $(MAKE)
configure:1981: result: yes
configure:2222: checking for gcc
configure:2238: found /usr/bin/gcc
configure:2249: result: gcc
configure:2487: checking for C compiler version
configure:2494: gcc --version >&5
i686-apple-darwin11-llvm-gcc-4.2 (GCC) 4.2.1 (Based on Apple Inc. build 5658) (LLVM build 2335.15.00)
Copyright (C) 2007 Free Software Foundation, Inc.
This is free software; see the source for copying conditions.  There is NO
warranty; not even for MERCHANTABILITY or FITNESS FOR A PARTICULAR PURPOSE.

configure:2497: $? = 0
configure:2504: gcc -v >&5
Using built-in specs.
Target: i686-apple-darwin11
Configured with: /private/var/tmp/llvmgcc42/llvmgcc42-2335.15~25/src/configure --disable-checking --enable-werror --prefix=/Developer/usr/llvm-gcc-4.2 --mandir=/share/man --enable-languages=c,objc,c++,obj-c++ --program-prefix=llvm- --program-transform-name=/^[cg][^.-]*$/s/$/-4.2/ --with-slibdir=/usr/lib --build=i686-apple-darwin11 --enable-llvm=/private/var/tmp/llvmgcc42/llvmgcc42-2335.15~25/dst-llvmCore/Developer/usr/local --program-prefix=i686-apple-darwin11- --host=x86_64-apple-darwin11 --target=i686-apple-darwin11 --with-gxx-include-dir=/usr/include/c++/4.2.1
Thread model: posix
gcc version 4.2.1 (Based on Apple Inc. build 5658) (LLVM build 2335.15.00)
configure:2507: $? = 0
configure:2514: gcc -V >&5
llvm-gcc-4.2: argument to `-V' is missing
configure:2517: $? = 1
configure:2540: checking for C compiler default output file name
configure:2567: gcc    conftest.c  >&5
configure:2570: $? = 0
configure:2608: result: a.out
configure:2625: checking whether the C compiler works
configure:2635: ./a.out
configure:2638: $? = 0
configure:2655: result: yes
configure:2662: checking whether we are cross compiling
configure:2664: result: no
configure:2667: checking for suffix of executables
configure:2674: gcc -o conftest    conftest.c  >&5
configure:2677: $? = 0
configure:2701: result: 
configure:2707: checking for suffix of object files
configure:2733: gcc -c   conftest.c >&5
configure:2736: $? = 0
configure:2759: result: o
configure:2763: checking whether we are using the GNU C compiler
configure:2792: gcc -c   conftest.c >&5
configure:2798: $? = 0
configure:2815: result: yes
configure:2820: checking whether gcc accepts -g
configure:2850: gcc -c -g  conftest.c >&5
configure:2856: $? = 0
configure:2955: result: yes
configure:2972: checking for gcc option to accept ISO C89
configure:3046: gcc  -c -g -O2  conftest.c >&5
configure:3052: $? = 0
configure:3075: result: none needed
configure:3104: checking for style of include used by make
configure:3132: result: GNU
configure:3157: checking dependency style of gcc
configure:3248: result: gcc3
configure:3388: creating ./config.status

## ---------------------- ##
## Running config.status. ##
## ---------------------- ##

This file was extended by aggregator config.status 0.1, which was
generated by GNU Autoconf 2.61.  Invocation command line was

  CONFIG_FILES    = 
  CONFIG_HEADERS  = 
  CONFIG_LINKS    = 
  CONFIG_COMMANDS = 
  $ ./config.status 

on wonhee-jang-ui-MacBook-Air.local

config.status:632: creating Makefile
config.status:632: creating config.h
config.status:848: config.h is unchanged
config.status:894: executing depfiles commands

## ---------------- ##
## Cache variables. ##
## ---------------- ##

ac_cv_c_compiler_gnu=yes
ac_cv_env_CC_set=
ac_cv_env_CC_value=
ac_cv_env_CFLAGS_set=
ac_cv_env_CFLAGS_value=
ac_cv_env_CPPFLAGS_set=
ac_cv_env_CPPFLAGS_value=
ac_cv_env_LDFLAGS_set=
ac_cv_env_LDFLAGS_value=
ac_cv_env_LIBS_set=
ac_cv_env_LIBS_value=
ac_cv_env_build_alias_set=
ac_cv_env_build_alias_value=
ac_cv_env_host_alias_set=
ac_cv_env_host_alias_value=
ac_cv_env_target_alias_set=
ac_cv_env_target_alias_value=
ac_cv_objext=o
ac_cv_path_install='/usr/bin/install -c'
ac_cv_prog_AWK=awk
ac_cv_prog_ac_ct_CC=gcc
ac_cv_prog_cc_c89=
ac_cv_prog_cc_g=yes
ac_cv_prog_make_make_set=yes
am_cv_CC_dependencies_compiler_type=gcc3

## ----------------- ##
## Output variables. ##
## ----------------- ##

ACLOCAL='${SHELL} /Users/jangwonhee/Documents/aggregator/missing --run aclocal-1.10'
AMDEPBACKSLASH='\'
AMDEP_FALSE='#'
AMDEP_TRUE=''
AMTAR='${SHELL} /Users/jangwonhee/Documents/aggregator/missing --run tar'
AUTOCONF='${SHELL} /Users/jangwonhee/Documents/aggregator/missing --run autoconf'
AUTOHEADER='${SHELL} /Users/jangwonhee/Documents/aggregator/missing --run autoheader'
AUTOMAKE='${SHELL} /Users/jangwonhee/Documents/aggregator/missing --run automake-1.10'
AWK='awk'
CC='gcc'
CCDEPMODE='depmode=gcc3'
CFLAGS='-g -O2'
CPPFLAGS=''
CYGPATH_W='echo'
DEFS='-DHAVE_CONFIG_H'
DEPDIR='.deps'
ECHO_C='ECHO_N=''
ECHO_T=''
EXEEXT=''
INSTALL_DATA='${INSTALL} -m 644'
INSTALL_PROGRAM='${INSTALL}'
INSTALL_SCRIPT='${INSTALL}'
INSTALL_STRIP_PROGRAM='$(install_sh) -c -s'
LDFLAGS=''
LIBOBJS=''
LIBS=''
LTLIBOBJS=''
MAKEINFO='${SHELL} /Users/jangwonhee/Documents/aggregator/missing --run makeinfo'
OBJEXT='o'
PACKAGE='aggregator'
PACKAGE_BUGREPORT='mario@vanillabreeze.com'
PACKAGE_NAME='aggregator'
PACKAGE_STRING='aggregator 0.1'
PACKAGE_TARNAME='aggregator'
PACKAGE_VERSION='0.1'
PATH_SEPARATOR=':'
SET_MAKE=''
SHELL='/bin/sh'
STRIP=''
VERSION='0.1'
ac_ct_CC='gcc'
am__fastdepCC_FALSE='#'
am__fastdepCC_TRUE=''
am__include='include'
am__isrc=''
am__leading_dot='.'
am__quote=''
am__tar='${AMTAR} chof - "$$tardir"'
am__untar='${AMTAR} xf -'
bindir='${exec_prefix}/bin'
build_alias=''
datadir='${datarootdir}'
datarootdir='${prefix}/share'
docdir='${datarootdir}/doc/${PACKAGE_TARNAME}'
dvidir='${docdir}'
exec_prefix='${prefix}'
host_alias=''
htmldir='${docdir}'
includedir='${prefix}/include'
infodir='${datarootdir}/info'
install_sh='$(SHELL) /Users/jangwonhee/Documents/aggregator/install-sh'
libdir='${exec_prefix}/lib'
libexecdir='${exec_prefix}/libexec'
localedir='${datarootdir}/locale'
localstatedir='${prefix}/var'
mandir='${datarootdir}/man'
mkdir_p='$(top_builddir)/./install-sh -c -d'
oldincludedir='/usr/include'
pdfdir='${docdir}'
prefix='/usr/local'
program_transform_name='s,x,x,'
psdir='${docdir}'
sbindir='${exec_prefix}/sbin'
sharedstatedir='${prefix}/com'
sysconfdir='${prefix}/etc'
target_alias=''

## ----------- ##
## confdefs.h. ##
## ----------- ##

#define PACKAGE_NAME "aggregator"
#define PACKAGE_TARNAME "aggregator"
#define PACKAGE_VERSION "0.1"
#define PACKAGE_STRING "aggregator 0.1"
#define PACKAGE_BUGREPORT "mario@vanillabreeze.com"
#define PACKAGE "aggregator"
#define VERSION "0.1"

configure: exit 0
